0 info it worked if it ends with ok
1 verbose cli [ '/home/vagrant/.nvm/versions/node/v6.1.0/bin/node',
1 verbose cli   '/home/vagrant/.nvm/versions/node/v6.1.0/bin/npm',
1 verbose cli   'install',
1 verbose cli   'fsevents',
1 verbose cli   '--save' ]
2 info using npm@3.8.6
3 info using node@v6.1.0
4 silly loadCurrentTree Starting
5 silly install loadCurrentTree
6 silly install readLocalPackageData
7 silly fetchPackageMetaData fsevents
8 silly fetchNamedPackageData fsevents
9 silly mapToRegistry name fsevents
10 silly mapToRegistry using default registry
11 silly mapToRegistry registry https://registry.npmjs.org/
12 silly mapToRegistry data Result {
12 silly mapToRegistry   raw: 'fsevents',
12 silly mapToRegistry   scope: null,
12 silly mapToRegistry   name: 'fsevents',
12 silly mapToRegistry   rawSpec: '',
12 silly mapToRegistry   spec: 'latest',
12 silly mapToRegistry   type: 'tag' }
13 silly mapToRegistry uri https://registry.npmjs.org/fsevents
14 verbose request uri https://registry.npmjs.org/fsevents
15 verbose request no auth needed
16 info attempt registry request try #1 at 10:03:46 PM
17 verbose request id d630cc00343b19cb
18 verbose etag "6WG2IHJ3R1KBCEVEQH5157IQJ"
19 http request GET https://registry.npmjs.org/fsevents
20 http 304 https://registry.npmjs.org/fsevents
21 verbose headers { date: 'Sat, 11 Jun 2016 22:10:34 GMT',
21 verbose headers   via: '1.1 varnish',
21 verbose headers   'cache-control': 'max-age=300',
21 verbose headers   etag: '"6WG2IHJ3R1KBCEVEQH5157IQJ"',
21 verbose headers   age: '289',
21 verbose headers   connection: 'keep-alive',
21 verbose headers   'x-served-by': 'cache-sjc3127-SJC',
21 verbose headers   'x-cache': 'HIT',
21 verbose headers   'x-cache-hits': '5',
21 verbose headers   'x-timer': 'S1465683034.269988,VS0,VE0',
21 verbose headers   vary: 'Accept-Encoding' }
22 silly get cb [ 304,
22 silly get   { date: 'Sat, 11 Jun 2016 22:10:34 GMT',
22 silly get     via: '1.1 varnish',
22 silly get     'cache-control': 'max-age=300',
22 silly get     etag: '"6WG2IHJ3R1KBCEVEQH5157IQJ"',
22 silly get     age: '289',
22 silly get     connection: 'keep-alive',
22 silly get     'x-served-by': 'cache-sjc3127-SJC',
22 silly get     'x-cache': 'HIT',
22 silly get     'x-cache-hits': '5',
22 silly get     'x-timer': 'S1465683034.269988,VS0,VE0',
22 silly get     vary: 'Accept-Encoding' } ]
23 verbose etag https://registry.npmjs.org/fsevents from cache
24 verbose get saving fsevents to /home/vagrant/.npm/registry.npmjs.org/fsevents/.cache.json
25 verbose correctMkdir /home/vagrant/.npm correctMkdir not in flight; initializing
26 silly install normalizeTree
27 silly loadCurrentTree Finishing
28 silly loadIdealTree Starting
29 silly install loadIdealTree
30 silly cloneCurrentTree Starting
31 silly install cloneCurrentTreeToIdealTree
32 silly cloneCurrentTree Finishing
33 silly loadShrinkwrap Starting
34 silly install loadShrinkwrap
35 silly loadShrinkwrap Finishing
36 silly loadAllDepsIntoIdealTree Starting
37 silly install loadAllDepsIntoIdealTree
38 silly rollbackFailedOptional Starting
39 silly rollbackFailedOptional Finishing
40 silly runTopLevelLifecycles Starting
41 silly runTopLevelLifecycles Finishing
42 silly install printInstalled
43 verbose stack Error: Unsupported platform for fsevents@1.0.12: wanted {"name":"fsevents","version":"1.0.12","description":"Native Access to Mac OS-X FSEvents","main":"fsevents.js","dependencies":{"nan":"^2.3.0","node-pre-gyp":"^0.6.25"},"os":["darwin"],"engines":{"node":">=0.8.0"},"scripts":{"install":"node-pre-gyp install --fallback-to-build","prepublish":"if [ $(npm -v | head -c 1) -lt 3 ]; then exit 1; fi && npm dedupe","test":"tap ./test"},"binary":{"module_name":"fse","module_path":"./lib/binding/{configuration}/{node_abi}-{platform}-{arch}/","remote_path":"./v{version}/","package_name":"{module_name}-v{version}-{node_abi}-{platform}-{arch}.tar.gz","host":"https://fsevents-binaries.s3-us-west-2.amazonaws.com"},"repository":{"type":"git","url":"git+https://github.com/strongloop/fsevents.git"},"keywords":["fsevents","mac"],"author":{"name":"Philipp Dunkel","email":"pip@pipobscure.com"},"license":"MIT","bugs":{"url":"https://github.com/strongloop/fsevents/issues"},"homepage":"https://github.com/strongloop/fsevents","devDependencies":{"tap":"~0.4.8"},"gitHead":"ab9b76f8b919e7c1c136b9bba19de6be9e120e24","bundleDependencies":["node-pre-gyp"],"_id":"fsevents@1.0.12","_npmVersion":"3.6.0","_nodeVersion":"5.6.0","_npmUser":{"name":"es128","email":"elan.shanker+npm@gmail.com"},"dist":{"shasum":"7929e211c0b31f37f2f0fc346f315e403d7ed33b","tarball":"https://registry.npmjs.org/fsevents/-/fsevents-1.0.12.tgz"},"maintainers":[{"name":"bajtos","email":"miro.bajtos@gmail.com"},{"name":"bnoordhuis","email":"info@bnoordhuis.nl"},{"name":"es128","email":"elan.shanker+npm@gmail.com"},{"name":"pipobscure","email":"pip@pipobscure.com"},{"name":"strongloop","email":"callback@strongloop.com"}],"_npmOperationalInternal":{"host":"packages-12-west.internal.npmjs.com","tmp":"tmp/fsevents-1.0.12.tgz_1461940443205_0.08423079713247716"},"directories":{},"_requested":{"raw":"fsevents","scope":null,"name":"fsevents","rawSpec":"","spec":"latest","type":"tag"},"_spec":"fsevents","_where":"/vagrant/memoscope-express","_args":[["fsevents","/vagrant/memoscope-express"]],"readme":"ERROR: No README data found!"} (current: {"os":"linux","cpu":"ia32"})
43 verbose stack     at checkPlatform (/home/vagrant/.nvm/versions/node/v6.1.0/lib/node_modules/npm/node_modules/npm-install-checks/index.js:45:14)
43 verbose stack     at thenWarnEngineIssues (/home/vagrant/.nvm/versions/node/v6.1.0/lib/node_modules/npm/lib/install/validate-args.js:41:5)
43 verbose stack     at /home/vagrant/.nvm/versions/node/v6.1.0/lib/node_modules/npm/node_modules/iferr/index.js:13:50
43 verbose stack     at checkEngine (/home/vagrant/.nvm/versions/node/v6.1.0/lib/node_modules/npm/node_modules/npm-install-checks/index.js:24:10)
43 verbose stack     at module.exports.isInstallable (/home/vagrant/.nvm/versions/node/v6.1.0/lib/node_modules/npm/lib/install/validate-args.js:38:3)
43 verbose stack     at Array.<anonymous> (/home/vagrant/.nvm/versions/node/v6.1.0/lib/node_modules/npm/node_modules/slide/lib/bind-actor.js:15:8)
43 verbose stack     at LOOP (/home/vagrant/.nvm/versions/node/v6.1.0/lib/node_modules/npm/node_modules/slide/lib/chain.js:15:14)
43 verbose stack     at /home/vagrant/.nvm/versions/node/v6.1.0/lib/node_modules/npm/node_modules/slide/lib/chain.js:18:7
43 verbose stack     at checkSelf (/home/vagrant/.nvm/versions/node/v6.1.0/lib/node_modules/npm/lib/install/validate-args.js:46:72)
43 verbose stack     at Array.<anonymous> (/home/vagrant/.nvm/versions/node/v6.1.0/lib/node_modules/npm/node_modules/slide/lib/bind-actor.js:15:8)
44 verbose pkgid fsevents@1.0.12
45 verbose cwd /vagrant/memoscope-express
46 error Linux 3.2.0-101-generic-pae
47 error argv "/home/vagrant/.nvm/versions/node/v6.1.0/bin/node" "/home/vagrant/.nvm/versions/node/v6.1.0/bin/npm" "install" "fsevents" "--save"
48 error node v6.1.0
49 error npm  v3.8.6
50 error code EBADPLATFORM
51 error notsup Not compatible with your operating system or architecture: fsevents@1.0.12
52 error notsup Valid OS:    darwin
52 error notsup Valid Arch:  any
52 error notsup Actual OS:   linux
52 error notsup Actual Arch: ia32
53 verbose exit [ 1, true ]
